"../../../Engine/Content/Animation/DefaultAnimBoneCompressionSettings.uasset" 0
"../../../Engine/Content/Animation/DefaultAnimCurveCompressionSettings.uasset" 1
"../../../Engine/Content/ArtTools/RenderToTexture/Enums/RenderToTexture_Enum.uasset" 2
"../../../Engine/Content/ArtTools/RenderToTexture/Enums/RenderToTexture_Flipbook_Enum.uasset" 3
"../../../Engine/Content/ArtTools/RenderToTexture/Enums/RenderToTexture_Imposter_Enum.uasset" 4
"../../../Engine/Content/ArtTools/RenderToTexture/Enums/EIntTypes.uasset" 5
"../../../Engine/Content/EditorBlueprintResources/StandardMacros.uasset" 6
"../../../Engine/Content/ArtTools/RenderToTexture/Macros/RenderToTextureFunctionLibrary.uasset" 7
"../../../Engine/Content/ArtTools/RenderToTexture/Enums/EFloatTypes.uasset" 8
"../../../Engine/Content/ArtTools/RenderToTexture/Macros/RenderToTextureMacros.uasset" 9
"../../../Engine/Content/EngineMaterials/T_Default_Material_Grid_N.uasset" 10
"../../../Engine/Content/EngineMaterials/T_Default_Material_Grid_M.uasset" 11
"../../../Engine/Content/Functions/Engine_MaterialFunctions01/Opacity/CameraDepthFade.uasset" 12
"../../../Engine/Content/EngineMaterials/WorldGridMaterial.uasset" 13
"../../../Engine/Content/ArtTools/RenderToTexture/Meshes/S_1_Unit_Plane.uasset" 14
"../../../Engine/Content/EngineMaterials/DefaultMaterial.uasset" 15
"../../../Engine/Content/BasicShapes/Cone.uasset" 16
"../../../Engine/Content/BasicShapes/Sphere.uasset" 17
"../../../Engine/Content/EngineMaterials/DefaultPhysicalMaterial.uasset" 18
"../../../Engine/Content/BufferVisualization/AmbientOcclusion.uasset" 19
"../../../Engine/Content/Functions/Engine_MaterialFunctions02/Utility/AppendMany.uasset" 20
"../../../Engine/Content/BufferVisualization/Anisotropy.uasset" 21
"../../../Engine/Content/BufferVisualization/BaseColor.uasset" 22
"../../../Engine/Content/BufferVisualization/CustomDepth.uasset" 23
"../../../Engine/Content/Functions/Engine_MaterialFunctions02/Utility/VectorLength.uasset" 24
"../../../Engine/Content/BufferVisualization/CustomDepthWorldUnits.uasset" 25
"../../../Engine/Content/Functions/Engine_MaterialFunctions02/Utility/BreakOutFloat2Components.uasset" 26
"../../../Engine/Content/Functions/Engine_MaterialFunctions01/Texturing/ScaleUVsByCenter.uasset" 27
"../../../Engine/Content/EngineMaterials/MiniFont.uasset" 28
"../../../Engine/Content/Functions/Engine_MaterialFunctions02/Utility/MakeFloat3.uasset" 29
"../../../Engine/Content/Functions/Engine_MaterialFunctions02/Utility/MakeFloat2.uasset" 30
"../../../Engine/Content/Functions/Engine_MaterialFunctions02/ScreenResolution.uasset" 31
"../../../Engine/Content/Functions/Engine_MaterialFunctions02/Texturing/ScreenAlignedUVs.uasset" 32
"../../../Engine/Content/BufferVisualization/CustomStencil.uasset" 33
"../../../Engine/Content/BufferVisualization/FinalImage.uasset" 34
"../../../Engine/Content/BufferVisualization/LightingModel.uasset" 35
"../../../Engine/Content/BufferVisualization/MaterialAO.uasset" 36
"../../../Engine/Content/BufferVisualization/Metallic.uasset" 37
"../../../Engine/Content/BufferVisualization/Opacity.uasset" 38
"../../../Engine/Content/BufferVisualization/PostTonemapHDRColor.uasset" 39
"../../../Engine/Content/BufferVisualization/PreTonemapHDRColor.uasset" 40
"../../../Engine/Content/BufferVisualization/Roughness.uasset" 41
"../../../Engine/Content/BufferVisualization/SceneColor.uasset" 42
"../../../Engine/Content/BufferVisualization/SceneDepth.uasset" 43
"../../../Engine/Content/BufferVisualization/SceneDepthWorldUnits.uasset" 44
"../../../Engine/Content/BufferVisualization/SeparateTranslucencyA.uasset" 45
"../../../Engine/Content/BufferVisualization/SeparateTranslucencyRGB.uasset" 46
"../../../Engine/Content/BufferVisualization/Specular.uasset" 47
"../../../Engine/Content/BufferVisualization/SubsurfaceColor.uasset" 48
"../../../Engine/Content/BufferVisualization/Velocity.uasset" 49
"../../../Engine/Content/BufferVisualization/WorldNormal.uasset" 50
"../../../Engine/Content/BufferVisualization/WorldTangent.uasset" 51
"../../../Engine/Content/EditorBlueprintResources/ActorMacros.uasset" 52
"../../../Engine/Content/EditorLandscapeResources/DataLayer.uasset" 53
"../../../Engine/Content/EditorLandscapeResources/DefaultAlphaTexture.uasset" 54
"../../../Engine/Content/EditorLandscapeResources/LandscapeGizmoHeight_Mat.uasset" 55
"../../../Engine/Content/EditorLandscapeResources/LandscapeGizmo_Mat.uasset" 56
"../../../Engine/Content/EditorLandscapeResources/LandscapeGizmo_Mat_Copied.uasset" 57
"../../../Engine/Content/EditorLandscapeResources/SplineEditorMeshMat.uasset" 58
"../../../Engine/Content/EditorLandscapeResources/SplineEditorMesh.uasset" 59
"../../../Engine/Content/EditorMaterials/Cross.uasset" 60
"../../../Engine/Content/EditorMaterials/Cross_Mat.uasset" 61
"../../../Engine/Content/EditorResources/T_EditorHelp.uasset" 62
"../../../Engine/Content/Functions/Engine_MaterialFunctions02/ExampleContent/Textures/DebugNumberPeriod.uasset" 63
"../../../Engine/Content/Functions/Engine_MaterialFunctions02/ExampleContent/DebugNumberStrip.uasset" 64
"../../../Engine/Content/EngineMaterials/DefaultDiffuse.uasset" 65
"../../../Engine/Content/Functions/Engine_MaterialFunctions01/Texturing/TextureCropping.uasset" 66
"../../../Engine/Content/Functions/Engine_MaterialFunctions01/Texturing/ComputeMipLevel.uasset" 67
"../../../Engine/Content/Functions/Engine_MaterialFunctions02/Utility/DebugScalarValues.uasset" 68
"../../../Engine/Content/Functions/Engine_MaterialFunctions02/Utility/DebugFloat2Values.uasset" 69
"../../../Engine/Content/Functions/Engine_MaterialFunctions02/ExampleContent/Textures/flipbook.uasset" 70
"../../../Engine/Content/Functions/Engine_MaterialFunctions02/Texturing/FlipBook.uasset" 71
"../../../Engine/Content/Functions/Engine_MaterialFunctions02/Utility/Sign.uasset" 72
"../../../Engine/Content/Functions/Engine_MaterialFunctions02/Utility/Round.uasset" 73
"../../../Engine/Content/EditorMaterials/HelpActorMaterial.uasset" 74
"../../../Engine/Content/Functions/Engine_MaterialFunctions03/Procedurals/ComputeFilterWidth.uasset" 75
"../../../Engine/Content/EngineMaterials/BlendFunc_DefBlend.uasset" 76
"../../../Engine/Content/EngineMaterials/BlendFunc_DefBase.uasset" 77
"../../../Engine/Content/Functions/Engine_MaterialFunctions03/Blends/Blend_Screen.uasset" 78
"../../../Engine/Content/EditorMaterials/TilingAALineIntegral.uasset" 79
"../../../Engine/Content/EditorMaterials/TilingAALineBoxFiltered.uasset" 80
"../../../Engine/Content/EditorMaterials/TilingAAGrid.uasset" 81
"../../../Engine/Content/EditorMaterials/TilingAADots.uasset" 82
"../../../Engine/Content/EditorMaterials/CompositeARGBLayer.uasset" 83
"../../../Engine/Content/EditorMaterials/LevelGridMaterial.uasset" 84
"../../../Engine/Content/EditorResources/LevelGrid1DStripes.uasset" 85
"../../../Engine/Content/EditorMaterials/TextureGridCascaded1D.uasset" 86
"../../../Engine/Content/EditorMaterials/TextureGridCascaded2D.uasset" 87
"../../../Engine/Content/EditorMaterials/MakeCompositeARGBLayer.uasset" 88
"../../../Engine/Content/EditorMaterials/LevelGridMaterial2.uasset" 89
"../../../Engine/Content/EditorMaterials/MAT_Groups_Toggle.uasset" 90
"../../../Engine/Content/EditorMaterials/MAT_Groups_Visibility.uasset" 91
"../../../Engine/Content/EngineMaterials/Grid.uasset" 92
"../../../Engine/Content/EditorResources/TilePatine_N.uasset" 93
"../../../Engine/Content/EditorResources/TilePatine_D.uasset" 94
"../../../Engine/Content/EditorMaterials/AntialiasedGridFloor.uasset" 95
"../../../Engine/Content/EditorMaterials/PersonaFloorMat.uasset" 96
"../../../Engine/Content/EditorMaterials/PhAT_BoneSelectedMaterial.uasset" 97
"../../../Engine/Content/EditorMaterials/PhAT_ElemSelectedMaterial.uasset" 98
"../../../Engine/Content/EditorMaterials/PhAT_NoCollisionMaterial.uasset" 99
"../../../Engine/Content/EditorMaterials/PhAT_UnselectedMaterial.uasset" 100
"../../../Engine/Content/EditorMaterials/PreviewShadowIndicator.uasset" 101
"../../../Engine/Content/EditorMaterials/PreviewShadowIndicatorMaterial.uasset" 102
"../../../Engine/Content/EditorMaterials/TargetIcon.uasset" 103
"../../../Engine/Content/EditorMaterials/Tick.uasset" 104
"../../../Engine/Content/EditorMaterials/Tick_Mat.uasset" 105
"../../../Engine/Content/EditorMaterials/WidgetGridVertexColorMaterial.uasset" 106
"../../../Engine/Content/EditorMaterials/WidgetGridVertexColorMaterial_Ma.uasset" 107
"../../../Engine/Content/EditorMaterials/WidgetMaterial.uasset" 108
"../../../Engine/Content/EditorMaterials/WidgetMaterial_Current.uasset" 109
"../../../Engine/Content/EditorMaterials/WidgetMaterial_X.uasset" 110
"../../../Engine/Content/EditorMaterials/WidgetMaterial_Y.uasset" 111
"../../../Engine/Content/EditorMaterials/WidgetMaterial_Z.uasset" 112
"../../../Engine/Content/EditorMaterials/WidgetVertexColorMaterial.uasset" 113
"../../../Engine/Content/EditorMaterials/MatineeGroups/MAT_ColorTrack.uasset" 114
"../../../Engine/Content/EditorMaterials/MatineeGroups/MAT_Groups_Anim.uasset" 115
"../../../Engine/Content/EditorMaterials/MatineeGroups/MAT_Groups_AudioMaster.uasset" 116
"../../../Engine/Content/EditorMaterials/MatineeGroups/MAT_Groups_Director.uasset" 117
"../../../Engine/Content/EditorMaterials/MatineeGroups/MAT_Groups_Event.uasset" 118
"../../../Engine/Content/EditorMaterials/MatineeGroups/MAT_Groups_Fade.uasset" 119
"../../../Engine/Content/EditorMaterials/MatineeGroups/MAT_Groups_Float.uasset" 120
"../../../Engine/Content/EditorMaterials/MatineeGroups/MAT_Groups_Move.uasset" 121
"../../../Engine/Content/EditorMaterials/MatineeGroups/MAT_Groups_Slomo.uasset" 122
"../../../Engine/Content/EditorMaterials/MatineeGroups/MAT_Groups_Sound.uasset" 123
"../../../Engine/Content/EditorMaterials/MatineeGroups/MAT_Groups_Vector.uasset" 124
"../../../Engine/Content/EditorMaterials/ParticleSystems/PSysThumbnail_NoImage.uasset" 125
"../../../Engine/Content/EditorMaterials/ParticleSystems/PSysThumbnail_OOD.uasset" 126
"../../../Engine/Content/EditorMaterials/Thumbnails/FloorPlaneMaterial.uasset" 127
"../../../Engine/Content/EditorMeshes/EditorCube.uasset" 128
"../../../Engine/Content/EditorMeshes/EditorCylinder.uasset" 129
"../../../Engine/Content/EditorMeshes/EditorPlane.uasset" 130
"../../../Engine/Content/EditorMaterials/Thumbnails/SkySphereMaterial.uasset" 131
"../../../Engine/Content/EditorMeshes/EditorSkySphere.uasset" 132
"../../../Engine/Content/EditorMeshes/EditorSphere.uasset" 133
"../../../Engine/Content/EditorResources/MatineeCam_D.uasset" 134
"../../../Engine/Content/EditorMaterials/MatineeCam_mat.uasset" 135
"../../../Engine/Content/EditorMeshes/MatineeCam_SM.uasset" 136
"../../../Engine/Content/Functions/Engine_MaterialFunctions01/Shading/ConvertFromDiffSpec.uasset" 137
"../../../Engine/Content/EditorMaterials/GridMaterial.uasset" 138
"../../../Engine/Content/EditorMeshes/PhAT_FloorBox.uasset" 139
"../../../Engine/Content/EditorMeshes/PlanarReflectionPlane.uasset" 140
"../../../Engine/Content/EngineDebugMaterials/M_SimpleOpaque.uasset" 141
"../../../Engine/Content/EditorMaterials/Camera/MI_CineMat_CamViewFinder.uasset" 142
"../../../Engine/Content/EditorMaterials/Camera/CineMat.uasset" 143
"../../../Engine/Content/EditorMaterials/Camera/MI_CineMat_CameraBody.uasset" 144
"../../../Engine/Content/EditorMeshes/Camera/SM_CineCam.uasset" 145
"../../../Engine/Content/EditorMaterials/Camera/MI_CineMat_Rig.uasset" 146
"../../../Engine/Content/EditorMeshes/Camera/SM_CraneRig_Arm.uasset" 147
"../../../Engine/Content/EditorMeshes/Camera/SM_CraneRig_Base.uasset" 148
"../../../Engine/Content/EditorMeshes/Camera/SM_CraneRig_Body.uasset" 149
"../../../Engine/Content/EditorMeshes/Camera/SM_CraneRig_Mount.uasset" 150
"../../../Engine/Content/EditorMeshes/Camera/SM_RailRig_Mount.uasset" 151
"../../../Engine/Content/EditorMeshes/Camera/SM_RailRig_Track.uasset" 152
"../../../Engine/Content/EditorMeshes/ColorCalibrator/M_ChromeBall.uasset" 153
"../../../Engine/Content/EditorResources/Bad.uasset" 154
"../../../Engine/Content/EditorResources/BSPVertex.uasset" 155
"../../../Engine/Content/EditorResources/EmptyActor.uasset" 156
"../../../Engine/Content/EditorResources/MatInstActSprite.uasset" 157
"../../../Engine/Content/EditorResources/SceneManager.uasset" 158
"../../../Engine/Content/EditorResources/SmallFont.uasset" 159
"../../../Engine/Content/EditorResources/S_Actor.uasset" 160
"../../../Engine/Content/EditorResources/S_CameraShakeSource.uasset" 161
"../../../Engine/Content/EditorResources/S_DecalActorIcon.uasset" 162
"../../../Engine/Content/EditorResources/S_Emitter.uasset" 163
"../../../Engine/Content/EditorResources/S_ExpoHeightFog.uasset" 164
"../../../Engine/Content/EditorResources/S_FTest.uasset" 165
"../../../Engine/Content/EditorResources/S_KBSJoint.uasset" 166
"../../../Engine/Content/EditorResources/S_KHinge.uasset" 167
"../../../Engine/Content/EditorResources/S_KPrismatic.uasset" 168
"../../../Engine/Content/EditorResources/S_LevelSequence.uasset" 169
"../../../Engine/Content/EditorResources/S_NavP.uasset" 170
"../../../Engine/Content/EditorResources/S_Note.uasset" 171
"../../../Engine/Content/EditorResources/S_Player.uasset" 172
"../../../Engine/Content/EditorResources/S_PortalActorIcon2.uasset" 173
"../../../Engine/Content/EditorResources/S_RadForce.uasset" 174
"../../../Engine/Content/EditorResources/S_ReflActorIcon.uasset" 175
"../../../Engine/Content/EditorResources/S_SkyAtmosphere.uasset" 176
"../../../Engine/Content/EditorResources/S_Solver.uasset" 177
"../../../Engine/Content/EditorResources/S_Terrain.uasset" 178
"../../../Engine/Content/EditorResources/S_TextRenderActorIcon.uasset" 179
"../../../Engine/Content/EditorResources/S_Thruster.uasset" 180
"../../../Engine/Content/EditorResources/S_Trigger.uasset" 181
"../../../Engine/Content/EditorResources/S_VectorFieldVol.uasset" 182
"../../../Engine/Content/EditorResources/S_VolumetricCloud.uasset" 183
"../../../Engine/Content/EditorResources/S_WindDirectional.uasset" 184
"../../../Engine/Content/EditorResources/AI/S_NavLink.uasset" 185
"../../../Engine/Content/EditorResources/LightIcons/SkyLight.uasset" 186
"../../../Engine/Content/EditorResources/LightIcons/S_LightDirectional.uasset" 187
"../../../Engine/Content/EditorResources/LightIcons/S_LightDirectionalMove.uasset" 188
"../../../Engine/Content/EditorResources/LightIcons/S_LightError.uasset" 189
"../../../Engine/Content/EditorResources/LightIcons/S_LightPoint.uasset" 190
"../../../Engine/Content/EditorResources/LightIcons/S_LightPointMove.uasset" 191
"../../../Engine/Content/EditorResources/LightIcons/S_LightSpot.uasset" 192
"../../../Engine/Content/EditorResources/LightIcons/S_LightSpotMove.uasset" 193
"../../../Engine/Content/EditorResources/SequenceRecorder/Countdown.uasset" 194
"../../../Engine/Content/EditorResources/SequenceRecorder/RecordingIndicator.uasset" 195
"../../../Engine/Content/EditorResources/Spline/T_Loft_Spline.uasset" 196
"../../../Engine/Content/EditorSounds/Notifications/CompileSuccess.uasset" 197
"../../../Engine/Content/EditorSounds/Notifications/CompileStart_Cue.uasset" 198
"../../../Engine/Content/EngineDamageTypes/DmgTypeBP_Environmental.uasset" 199
"../../../Engine/Content/EngineDebugMaterials/HeatmapGradient.uasset" 200
"../../../Engine/Content/EngineDebugMaterials/BoneWeightMaterial.uasset" 201
"../../../Engine/Content/EngineDebugMaterials/ClothMaterial.uasset" 202
"../../../Engine/Content/EngineDebugMaterials/ClothMaterial_WF.uasset" 203
"../../../Engine/Content/EngineDebugMaterials/DebugEditorMaterial.uasset" 204
"../../../Engine/Content/EngineDebugMaterials/DebugMeshMaterial.uasset" 205
"../../../Engine/Content/EngineDebugMaterials/GeomMaterial.uasset" 206
"../../../Engine/Content/EngineDebugMaterials/LevelColorationLitMaterial.uasset" 207
"../../../Engine/Content/EngineDebugMaterials/LevelColorationUnlitMaterial.uasset" 208
"../../../Engine/Content/EngineMaterials/DefaultWhiteGrid.uasset" 209
"../../../Engine/Content/EngineDebugMaterials/MAT_LevelColorationLitLightmapUV.uasset" 210
"../../../Engine/Content/EngineDebugMaterials/M_SimpleUnlitTranslucent.uasset" 211
"../../../Engine/Content/EngineDebugMaterials/VolumeToRender.uasset" 212
"../../../Engine/Content/Functions/Engine_MaterialFunctions02/Utility/CameraDirectionVector.uasset" 213
"../../../Engine/Content/EngineDebugMaterials/M_VolumeRenderSphereTracePP.uasset" 214
"../../../Engine/Content/EngineMaterials/DefaultWhiteGrid_Low.uasset" 215
"../../../Engine/Content/EngineDebugMaterials/PhysicalMaterialMaskMaterial.uasset" 216
"../../../Engine/Content/EngineDebugMaterials/ShadedLevelColorationLitMaterial.uasset" 217
"../../../Engine/Content/EngineDebugMaterials/ShadedLevelColorationUnlitMateri.uasset" 218
"../../../Engine/Content/EngineDebugMaterials/VertexColorMaterial.uasset" 219
"../../../Engine/Content/EngineDebugMaterials/VertexColorViewMode_AlphaAsColor.uasset" 220
"../../../Engine/Content/EngineDebugMaterials/VertexColorViewMode_BlueOnly.uasset" 221
"../../../Engine/Content/EngineDebugMaterials/VertexColorViewMode_ColorOnly.uasset" 222
"../../../Engine/Content/EngineDebugMaterials/VertexColorViewMode_GreenOnly.uasset" 223
"../../../Engine/Content/EngineDebugMaterials/VertexColorViewMode_RedOnly.uasset" 224
"../../../Engine/Content/EngineDebugMaterials/WireframeMaterial.uasset" 225
"../../../Engine/Content/EngineFonts/Faces/RobotoRegular.uasset" 226
"../../../Engine/Content/EngineFonts/Faces/RobotoLight.uasset" 227
"../../../Engine/Content/EngineFonts/Faces/RobotoItalic.uasset" 228
"../../../Engine/Content/EngineFonts/Faces/RobotoBoldItalic.uasset" 229
"../../../Engine/Content/EngineFonts/Faces/RobotoBold.uasset" 230
"../../../Engine/Content/EngineFonts/Faces/DroidSansFallback.uasset" 231
"../../../Engine/Content/EngineFonts/Roboto.uasset" 232
"../../../Engine/Content/EngineFonts/Faces/RobotoTiny.uasset" 233
"../../../Engine/Content/EngineFonts/RobotoTiny.uasset" 234
"../../../Engine/Content/EngineFonts/SmallFont.uasset" 235
"../../../Engine/Content/EngineFonts/TinyFont.uasset" 236
"../../../Engine/Content/EngineMaterials/BaseFlattenNormalMap.uasset" 237
"../../../Engine/Content/EngineMaterials/BaseFlattenGrayscaleMap.uasset" 238
"../../../Engine/Content/EngineMaterials/BaseFlattenEmissiveMap.uasset" 239
"../../../Engine/Content/EngineMaterials/BaseFlattenDiffuseMap.uasset" 240
"../../../Engine/Content/EngineMaterials/BaseFlattenMaterial.uasset" 241
"../../../Engine/Content/EngineResources/WhiteSquareTexture.uasset" 242
"../../../Engine/Content/EngineMaterials/BlinkingCaret.uasset" 243
"../../../Engine/Content/EngineMaterials/BlueNoise.uasset" 244
"../../../Engine/Content/EngineMaterials/DefaultBloomKernel.uasset" 245
"../../../Engine/Content/EngineMaterials/DefaultBokeh.uasset" 246
"../../../Engine/Content/EngineMaterials/DefaultDeferredDecalMaterial.uasset" 247
"../../../Engine/Content/EngineMaterials/DefaultLightFunctionMaterial.uasset" 248
"../../../Engine/Content/EngineMaterials/DefaultNormal.uasset" 249
"../../../Engine/Content/EngineMaterials/DefaultPostProcessMaterial.uasset" 250
"../../../Engine/Content/EngineFonts/RobotoDistanceField.uasset" 251
"../../../Engine/Content/EngineMaterials/DefaultTextMaterialOpaque.uasset" 252
"../../../Engine/Content/EngineMaterials/EditorBrushMaterial.uasset" 253
"../../../Engine/Content/EngineMaterials/EmissiveMeshMaterial.uasset" 254
"../../../Engine/Content/EngineMaterials/GizmoMaterial.uasset" 255
"../../../Engine/Content/EngineMaterials/Grid_N.uasset" 256
"../../../Engine/Content/EngineMaterials/HighResolutionScreenshotMaskFunction.uasset" 257
"../../../Engine/Content/EngineMaterials/HighResScreenshot.uasset" 258
"../../../Engine/Content/EngineMaterials/HighResScreenshotCaptureRegion.uasset" 259
"../../../Engine/Content/EngineMaterials/HighResScreenshotMask.uasset" 260
"../../../Engine/Content/EngineMaterials/LandscapeHolePhysicalMaterial.uasset" 261
"../../../Engine/Content/EngineMaterials/InvalidLightmapSettings.uasset" 262
"../../../Engine/Content/EngineMaterials/M_InvalidLightmapSettings.uasset" 263
"../../../Engine/Content/EngineMaterials/PaperDiffuse.uasset" 264
"../../../Engine/Content/EngineMaterials/PaperNormal.uasset" 265
"../../../Engine/Content/Functions/Engine_MaterialFunctions02/WorldPositionOffset/CameraOffset.uasset" 266
"../../../Engine/Content/EngineMaterials/PhAT_JointLimitMaterial.uasset" 267
"../../../Engine/Content/EngineMaterials/PhysMat_Rubber.uasset" 268
"../../../Engine/Content/EngineMaterials/PreintegratedSkinBRDF.uasset" 269
"../../../Engine/Content/EngineMaterials/RemoveSurfaceMaterial.uasset" 270
"../../../Engine/Content/EngineMaterials/WeightMapPlaceholderTexture.uasset" 271
"../../../Engine/Content/Functions/Engine_MaterialFunctions01/ImageAdjustment/sRGBToLinear.uasset" 272
"../../../Engine/Content/Functions/Engine_MaterialFunctions02/Utility/BreakOutFloat3Components.uasset" 273
"../../../Engine/Content/EngineMaterials/Widget3DCameraPassThrough_Opaque_OneSided.uasset" 274
"../../../Engine/Content/EngineMaterials/Widget3DPassThrough.uasset" 275
"../../../Engine/Content/EngineMaterials/Widget3DPassThrough_Masked.uasset" 276
"../../../Engine/Content/EngineMaterials/Widget3DPassThrough_Opaque.uasset" 277
"../../../Engine/Content/EngineMaterials/Widget3DPassThrough_Masked_OneSided.uasset" 278
"../../../Engine/Content/EngineMaterials/Widget3DPassThrough_Opaque_OneSided.uasset" 279
"../../../Engine/Content/EngineMaterials/Widget3DPassThrough_Translucent.uasset" 280
"../../../Engine/Content/EngineMaterials/Widget3DPassThrough_Translucent_OneSided.uasset" 281
"../../../Engine/Content/EngineMeshes/Cylinder.uasset" 282
"../../../Engine/Content/EngineMeshes/Sphere.uasset" 283
"../../../Engine/Content/EngineResources/Black.uasset" 284
"../../../Engine/Content/EngineResources/DefaultTextureCube.uasset" 285
"../../../Engine/Content/EngineResources/DefaultVolumeTexture2D.uasset" 286
"../../../Engine/Content/EngineResources/DefaultVolumeTexture.uasset" 287
"../../../Engine/Content/EngineResources/GradientTexture0.uasset" 288
"../../../Engine/Content/EngineResources/StreamingPauseIcon.uasset" 289
"../../../Engine/Content/EngineResources/M_StreamingPause.uasset" 290
"../../../Engine/Content/EngineSky/VolumetricClouds/T_NoiseShape64.uasset" 291
"../../../Engine/Content/EngineSky/VolumetricClouds/T_VolumeNoiseShape64.uasset" 292
"../../../Engine/Content/EngineSky/VolumetricClouds/T_NoiseErosion.uasset" 293
"../../../Engine/Content/EngineSky/VolumetricClouds/T_VolumeNoiseErosion32.uasset" 294
"../../../Engine/Content/EngineSky/VolumetricClouds/CloudWeatherTexture.uasset" 295
"../../../Engine/Content/EngineSky/VolumetricClouds/CloudGradientTexture.uasset" 296
"../../../Engine/Content/EngineSky/VolumetricClouds/m_SimpleVolumetricCloud.uasset" 297
"../../../Engine/Content/EngineSky/VolumetricClouds/m_SimpleVolumetricCloud_Inst.uasset" 298
"../../../Engine/Content/EngineSounds/Master.uasset" 299
"../../../Engine/Content/Functions/Engine_MaterialFunctions01/Shading/PowerToRoughness.uasset" 300
"../../../Engine/Content/Maps/Templates/Thumbnails/Default.uasset" 301
"../../../Engine/Content/Maps/Templates/Thumbnails/TimeOfDay.uasset" 302
"../../../Engine/Content/Maps/Templates/Thumbnails/VR-Basic.uasset" 303
"../../../Engine/Content/MobileResources/T_MobileControls_texture.uasset" 304
"../../../Engine/Content/MobileResources/T_MobileMenu2.uasset" 305
"../../../Engine/Content/MobileResources/HUD/AnalogHat.uasset" 306
"../../../Engine/Content/MobileResources/HUD/VirtualJoystick_Thumb.uasset" 307
"../../../Engine/Content/MobileResources/HUD/VirtualJoystick_Background.uasset" 308
"../../../Engine/Content/MobileResources/HUD/DefaultVirtualJoysticks.uasset" 309
"../../../Engine/Content/MobileResources/HUD/LeftVirtualJoystickOnly.uasset" 310
"../../../Engine/Content/MobileResources/HUD/MobileHUDButton1_off.uasset" 311
"../../../Engine/Content/MobileResources/HUD/MobileHUDButton1_on.uasset" 312
"../../../Engine/Content/MobileResources/HUD/MobileHUDButton2_off.uasset" 313
"../../../Engine/Content/MobileResources/HUD/MobileHUDButton2_on.uasset" 314
"../../../Engine/Content/MobileResources/HUD/MobileHUDButton3.uasset" 315
"../../../Engine/Content/MobileResources/HUD/MobileHUDButtonFire.uasset" 316
"../../../Engine/Content/MobileResources/HUD/MobileHUDDirectionPad.uasset" 317
"../../../Engine/Content/MobileResources/HUD/MobileHUDDirectionPad2.uasset" 318
"../../../Engine/Content/MobileResources/HUD/MobileHUDDirectionPad3.uasset" 319
"../../../Engine/Content/MobileResources/HUD/MobileHUDDirectionStick.uasset" 320
"../../../Engine/Content/MobileResources/HUD/T_Castle_ThumbstickInner.uasset" 321
"../../../Engine/Content/MobileResources/HUD/T_Castle_ThumbstickOutter.uasset" 322
"../../../Engine/Content/Tutorial/ContentIntroCurve.uasset" 323
"../../../Engine/Content/Tutorial/Basics/LevelEditorAttract.uasset" 324
"../../../Engine/Content/Tutorial/Basics/TutorialAssets/icon_tab_Levels_40x.uasset" 325
"../../../Engine/Content/Tutorial/Basics/LevelEditorOverview.uasset" 326
"../../../Engine/Content/Tutorial/BlueprintTutorials/TutorialAssets/Blueprint_64x.uasset" 327
"../../../Engine/Content/Tutorial/BlueprintTutorials/BlueprintEditorTutorial.uasset" 328
"../../../Engine/Content/Tutorial/BlueprintTutorials/TutorialAssets/Tutorial_BP_MacroLib.uasset" 329
"../../../Engine/Content/Tutorial/Installation/InstallingVisualStudioTutorial.uasset" 330
"../../../Engine/Content/VREditor/TransformGizmo/TranslucentTransformGizmoMaterial.uasset" 331
"../../../Engine/Content/VREditor/LaserPointer/VR_LaserPower_01.uasset" 332
"../../../Engine/Content/VREditor/TransformGizmo/TransformGizmoMaterial.uasset" 333
"../../../Engine/Content/VREditor/TransformGizmo/BoundingBoxCorner.uasset" 334
"../../../Engine/Content/VREditor/TransformGizmo/BoundingBoxEdge.uasset" 335
"../../../Engine/Content/VREditor/TransformGizmo/PlaneTranslationHandle.uasset" 336
"../../../Engine/Content/VREditor/TransformGizmo/Xray.uasset" 337
"../../../Engine/Content/VREditor/TransformGizmo/Main.uasset" 338
"../../../Engine/Content/VREditor/TransformGizmo/SM_Sequencer_Key.uasset" 339
"../../../Engine/Content/VREditor/TransformGizmo/SM_Sequencer_Node.uasset" 340
"../../Plugins/2D/Paper2D/Content/PlaceholderTextures/DummySpriteTexture.uasset" 341
"../../Plugins/2D/Paper2D/Content/DummySprite.uasset" 342
"../../Plugins/2D/Paper2D/Content/DefaultPaperTerrainMaterial.uasset" 343
"../../Plugins/2D/Paper2D/Content/DefaultSpriteMaterial.uasset" 344
"../../Plugins/2D/Paper2D/Content/MaskedUnlitSpriteMaterial.uasset" 345
"../../Plugins/2D/Paper2D/Content/OpaqueUnlitSpriteMaterial.uasset" 346
"../../Plugins/Editor/SpeedTreeImporter/Content/SpeedTree9/UnpackInteger3.uasset" 347
"../../Plugins/Editor/SpeedTreeImporter/Content/SpeedTree9/UnpackDirection.uasset" 348
"../../Plugins/Editor/SpeedTreeImporter/Content/SpeedTree9/game_wind_noise.uasset" 349
"../../../Engine/Content/Functions/Engine_MaterialFunctions02/SafeNormalize.uasset" 350
"../../Plugins/Editor/SpeedTreeImporter/Content/SpeedTree9/SpeedTreeWindMotion.uasset" 351
"../../Plugins/Editor/SpeedTreeImporter/Content/SpeedTree9/SpeedTreeBranchMotion.uasset" 352
"../../../Engine/Content/Functions/Engine_MaterialFunctions02/ObjectLocalBounds.uasset" 353
"../../../Engine/Content/Functions/Engine_MaterialFunctions02/UVs/BoundingBoxBased_0-1_UVW.uasset" 354
"../../Plugins/Editor/SpeedTreeImporter/Content/SpeedTree9/SpeedTreeWind.uasset" 355
"../../Plugins/Editor/SpeedTreeImporter/Content/SpeedTree9/SpeedTreeBillboard.uasset" 356
"../../../Engine/Content/EngineResources/DefaultTexture.uasset" 357
"../../Plugins/Editor/SpeedTreeImporter/Content/SpeedTree9/SpeedTreeBillboardMaster.uasset" 358
"../../Plugins/Editor/SpeedTreeImporter/Content/SpeedTree9/SpeedTreeCameraFacing.uasset" 359
"../../Plugins/Editor/SpeedTreeImporter/Content/SpeedTree9/SpeedTreeMaster.uasset" 360
"../../Plugins/FX/Niagara/Content/Enums/ENiagaraAnimTrailWidthMode.uasset" 361
"../../Plugins/FX/Niagara/Content/Enums/ENiagaraArraySamplingMode.uasset" 362
"../../Plugins/FX/Niagara/Content/Enums/ENiagaraBoneSamplingMode.uasset" 363
"../../Plugins/FX/Niagara/Content/Enums/ENiagaraBoneSocketSamplingMode.uasset" 364
"../../Plugins/FX/Niagara/Content/Enums/ENiagaraBooleanLogicOps.uasset" 365
"../../Plugins/FX/Niagara/Content/Enums/ENiagaraBooleanLogicOps_v2.uasset" 366
"../../Plugins/FX/Niagara/Content/Enums/ENiagaraCalculateRadiusOptions.uasset" 367
"../../Plugins/FX/Niagara/Content/Enums/ENiagaraChannelCorrelation.uasset" 368
"../../Plugins/FX/Niagara/Content/Enums/ENiagaraCollisionRadiusOptions.uasset" 369
"../../Plugins/FX/Niagara/Content/Enums/ENiagaraCoordinateSpace.uasset" 370
"../../Plugins/FX/Niagara/Content/Enums/ENiagaraCurlNoiseQuality.uasset" 371
"../../Plugins/FX/Niagara/Content/Enums/ENiagaraEmitterLifeCycleMode.uasset" 372
"../../Plugins/FX/Niagara/Content/Enums/ENiagaraEmitterScalabilityMode.uasset" 373
"../../Plugins/FX/Niagara/Content/Enums/ENiagaraEmitterScalabilityMode_Limited.uasset" 374
"../../Plugins/FX/Niagara/Content/Enums/ENiagaraExecutionStateManagement.uasset" 375
"../../Plugins/FX/Niagara/Content/Enums/ENiagaraExpansionMode.uasset" 376
"../../Plugins/FX/Niagara/Content/Enums/ENiagaraFrictionMergeType.uasset" 377
"../../Plugins/FX/Niagara/Content/Enums/ENiagaraGPUDepthResponseType.uasset" 378
"../../Plugins/FX/Niagara/Content/Enums/ENiagaraGridPlacementType.uasset" 379
"../../Plugins/FX/Niagara/Content/Enums/ENiagaraInactiveMode.uasset" 380
"../../Plugins/FX/Niagara/Content/Enums/ENiagaraKillVolumeOptions.uasset" 381
"../../Plugins/FX/Niagara/Content/Enums/ENiagaraLinearColor_Channels.uasset" 382
"../../Plugins/FX/Niagara/Content/Enums/ENiagaraMassByVolume.uasset" 383
"../../Plugins/FX/Niagara/Content/Enums/ENiagaraMassCalculationForRendererTypes.uasset" 384
"../../Plugins/FX/Niagara/Content/Enums/ENiagaraMeshOrSprite.uasset" 385
"../../Plugins/FX/Niagara/Content/Enums/ENiagaraMeshSamplingMode.uasset" 386
"../../Plugins/FX/Niagara/Content/Enums/ENiagaraMeshSurfaceSamplingMode.uasset" 387
"../../Plugins/FX/Niagara/Content/Enums/ENiagaraMeshTransforms.uasset" 388
"../../Plugins/FX/Niagara/Content/Enums/ENiagaraMinOrMax.uasset" 389
"../../Plugins/FX/Niagara/Content/Enums/ENiagaraNumericVariableTypes.uasset" 390
"../../Plugins/FX/Niagara/Content/Enums/ENiagaraOrientationAxis.uasset" 391
"../../Plugins/FX/Niagara/Content/Enums/ENiagaraQuaternionDerivationTechnique.uasset" 392
"../../Plugins/FX/Niagara/Content/Enums/ENiagaraRandomnessEvaluation.uasset" 393
"../../Plugins/FX/Niagara/Content/Enums/ENiagaraRandomnessMode.uasset" 394
"../../Plugins/FX/Niagara/Content/Enums/ENiagaraRestitutionMergeType.uasset" 395
"../../Plugins/FX/Niagara/Content/Enums/ENiagaraScaleColorMode.uasset" 396
"../../Plugins/FX/Niagara/Content/Enums/ENiagaraSimulationTarget.uasset" 397
"../../Plugins/FX/Niagara/Content/Enums/ENiagaraSkeletalSpawning.uasset" 398
"../../Plugins/FX/Niagara/Content/Enums/ENiagaraSkelSamplingFilteringMode.uasset" 399
"../../Plugins/FX/Niagara/Content/Enums/ENiagaraSkelSamplingModeFull.uasset" 400
"../../Plugins/FX/Niagara/Content/Enums/ENiagaraSocketSamplingMode.uasset" 401
"../../Plugins/FX/Niagara/Content/Enums/ENiagaraSphereDistributionMode.uasset" 402
"../../Plugins/FX/Niagara/Content/Enums/ENiagaraSUbUVAnimationMode.uasset" 403
"../../Plugins/FX/Niagara/Content/Enums/ENiagaraSystemInactiveMode.uasset" 404
"../../Plugins/FX/Niagara/Content/Enums/ENiagaraTorusDistributionMode.uasset" 405
"../../Plugins/FX/Niagara/Content/Enums/ENiagaraTorusMode.uasset" 406
"../../Plugins/FX/Niagara/Content/Enums/ENiagaraTriangleSamplingMode.uasset" 407
"../../Plugins/FX/Niagara/Content/Enums/ENiagaraVector2_Channels.uasset" 408
"../../Plugins/FX/Niagara/Content/Enums/ENiagaraVector3_Channels.uasset" 409
"../../Plugins/FX/Niagara/Content/Enums/ENiagaraVector4_Channels.uasset" 410
"../../Plugins/FX/Niagara/Content/Enums/ENiagaraVertexFilteringMode.uasset" 411
"../../Plugins/FX/Niagara/Content/Enums/ENiagaraVertexSamplingMode.uasset" 412
"../../Plugins/FX/Niagara/Content/Enums/ENiagara_AudioParamType.uasset" 413
"../../Plugins/FX/Niagara/Content/Enums/ENiagara_BankOnTurns.uasset" 414
"../../Plugins/FX/Niagara/Content/Enums/ENiagara_CameraMeshOrientation.uasset" 415
"../../Plugins/FX/Niagara/Content/Enums/ENiagara_CameraProperties.uasset" 416
"../../Plugins/FX/Niagara/Content/Enums/ENiagara_CollisionType.uasset" 417
"../../Plugins/FX/Niagara/Content/Enums/ENiagara_ColorInitializationMode.uasset" 418
"../../Plugins/FX/Niagara/Content/Enums/ENiagara_CPUCollisionType.uasset" 419
"../../Plugins/FX/Niagara/Content/Enums/ENiagara_DirectReadApplicationMode.uasset" 420
"../../Plugins/FX/Niagara/Content/Enums/ENiagara_DirectReadParticleIDSampling.uasset" 421
"../../Plugins/FX/Niagara/Content/Enums/ENiagara_DirectReadSamplingMode.uasset" 422
"../../Plugins/FX/Niagara/Content/Enums/ENiagara_EmitterLocSamplingMode.uasset" 423
"../../Plugins/FX/Niagara/Content/Enums/ENiagara_EmitterStateOptions.uasset" 424
"../../Plugins/FX/Niagara/Content/Enums/ENiagara_FadeOperationType.uasset" 425
"../../Plugins/FX/Niagara/Content/Enums/ENiagara_Float4Channel.uasset" 426
"../../Plugins/FX/Niagara/Content/Enums/ENiagara_GPUCollisionType.uasset" 427
"../../Plugins/FX/Niagara/Content/Enums/ENiagara_IDAttributes.uasset" 428
"../../Plugins/FX/Niagara/Content/Enums/ENiagara_InfiniteLoopDuration.uasset" 429
"../../Plugins/FX/Niagara/Content/Enums/ENiagara_LifetimeInheritanceOptions.uasset" 430
"../../Plugins/FX/Niagara/Content/Enums/ENiagara_LifetimeMode.uasset" 431
"../../Plugins/FX/Niagara/Content/Enums/ENiagara_MassInitializationMode.uasset" 432
"../../Plugins/FX/Niagara/Content/Enums/ENiagara_MultipleLerpCount.uasset" 433
"../../Plugins/FX/Niagara/Content/Enums/ENiagara_PositionInitializationMode.uasset" 434
"../../Plugins/FX/Niagara/Content/Enums/ENiagara_RotationDefinitionApproach.uasset" 435
"../../Plugins/FX/Niagara/Content/Enums/ENiagara_SizeScaleMode.uasset" 436
"../../Plugins/FX/Niagara/Content/Enums/ENiagara_SpawnBurstMode.uasset" 437
"../../Plugins/FX/Niagara/Content/Enums/ENiagara_SpriteRotationMode.uasset" 438
"../../Plugins/FX/Niagara/Content/Enums/ENiagara_SubUVLookupMode.uasset" 439
"../../Plugins/FX/Niagara/Content/Enums/ENiagara_TransformBaseOptions.uasset" 440
"../../Plugins/FX/Niagara/Content/Enums/ENiagara_TransformMode.uasset" 441
"../../Plugins/FX/Niagara/Content/Enums/ENiagara_TransformOrientationMode.uasset" 442
"../../Plugins/FX/Niagara/Content/Enums/ENiagara_UVFlippingMode.uasset" 443
"../../Plugins/FX/Niagara/Content/Enums/Niagara_Units.uasset" 444
"../../Plugins/FX/Niagara/Content/Enums/CascadeConversion/ECascadeNiagaraOrbitChainMode.uasset" 445
"../../Plugins/FX/Niagara/Content/Enums/CascadeConversion/ECascadeNiagaraTwoVectorChannels.uasset" 446
"../../Plugins/FX/Niagara/Content/Icons/S_ParticleSystem.uasset" 447
"../../../Engine/Content/BasicShapes/Cylinder.uasset" 448
"../../../Engine/Content/ArtTools/RenderToTexture/Materials/Debug/M_Emissive_Color.uasset" 449
"../../Plugins/Lumin/MagicLeapPassableWorld/Content/MagicLeapARPinInfoActor.uasset" 450
"../../../Engine/Content/Functions/Engine_MaterialFunctions02/Utility/BreakOutFloat4Components.uasset" 451
"../../Plugins/Runtime/Oculus/OculusVR/Content/Materials/OculusMR_ChromaKey.uasset" 452
"../../Plugins/Runtime/Oculus/OculusVR/Content/Materials/OculusMR_OpaqueColoredMaterial.uasset" 453
"../../Plugins/Runtime/Oculus/OculusVR/Content/Materials/PokeAHoleMaterial.uasset" 454
"../../Plugins/Marketplace/Voxel/Content/Blueprints/VoxelFunctionLibrary.uasset" 455
"../../Plugins/Marketplace/Voxel/Content/Blueprints/VoxelMacroLibrary.uasset" 456
"../../Plugins/Marketplace/Voxel/Content/Examples/VoxelDefaultBrushMask.uasset" 457
"../../Plugins/Marketplace/Voxel/Content/Examples/ComplexController/VoxelComplexController_Mode.uasset" 458
"../../Plugins/Marketplace/Voxel/Content/Examples/ComplexController/VoxelComplexController_Tool.uasset" 459
"../../Plugins/Marketplace/Voxel/Content/Examples/Importers/Chair/VoxelExample_T_Chair_N.uasset" 460
"../../Plugins/Marketplace/Voxel/Content/Examples/Importers/Chair/VoxelExample_T_Chair_M.uasset" 461
"../../Plugins/Marketplace/Voxel/Content/Examples/Importers/Chair/VoxelExample_M_Chair_Emissive_Color.uasset" 462
"../../../Engine/Content/Functions/Engine_MaterialFunctions02/Utility/MakeFloat4.uasset" 463
"../../Plugins/Marketplace/Voxel/Content/Examples/Importers/Chair/VoxelExample_M_Chair_Emissive_UVs.uasset" 464
"../../Plugins/Marketplace/Voxel/Content/Examples/Importers/Chair/VoxelExample_M_Chair.uasset" 465
"../../Plugins/Marketplace/Voxel/Content/Examples/Importers/Chair/VoxelExample_SM_Chair.uasset" 466
"../../../Engine/Content/EngineMaterials/Good64x64TilingNoiseHighFreq.uasset" 467
"../../../Engine/Content/Functions/Engine_MaterialFunctions02/Texturing/ScreenAlignedPixelToPixelUVs.uasset" 468
"../../../Engine/Content/Functions/Engine_MaterialFunctions02/Utility/DitherTemporalAA.uasset" 469
"../../Plugins/Marketplace/Voxel/Content/MaterialHelpers/VoxelOpacity.uasset" 470
"../../Plugins/Marketplace/Voxel/Content/Examples/Materials/RGB/M_VoxelMaterial_Colors_Parameter.uasset" 471
"../../Plugins/Marketplace/Voxel/Content/Examples/Multiplayer/Manual/VoxelManualMultiplayerController_State.uasset" 472
"../../Plugins/Marketplace/Voxel/Content/Examples/Multiplayer/Manual/VoxelManualMultiplayerController_CircularBuffer.uasset" 473
"../../Plugins/Marketplace/Voxel/Content/Examples/Multiplayer/Manual/VoxelManualMultiplayerController_CircularBuffer_Library.uasset" 474
"../../Plugins/Marketplace/Voxel/Content/Examples/VoxelGraphs/Craters/VDI_Example_Crater.uasset" 475
"../../Plugins/Marketplace/Voxel/Content/Preview/M_2DPreviewMaterial.uasset" 476
"../../../Engine/Content/Functions/Engine_MaterialFunctions02/ExampleContent/Textures/SphereRenderHeightMap.uasset" 477
"../../../Engine/Content/Functions/Engine_MaterialFunctions01/Volumetrics/BeersLaw.uasset" 478
"../../../Engine/Content/Functions/Engine_MaterialFunctions01/Math/BoxIntersection.uasset" 479
"../../../Engine/Content/Functions/Engine_MaterialFunctions01/Coordinates/1Dto2DIndex.uasset" 480
"../../Plugins/Marketplace/Voxel/Content/Preview/VoxelRayMarchHeightMap.uasset" 481
"../../Plugins/Marketplace/Voxel/Content/Preview/DefaultVoxelPreview.uasset" 482
"../../Plugins/Marketplace/Voxel/Content/Preview/C_GradientWater.uasset" 483
"../../Plugins/Marketplace/Voxel/Content/Preview/C_GradientNoWater.uasset" 484
"../../Plugins/Marketplace/Voxel/Content/Preview/CA_Gradient.uasset" 485
"../../Plugins/Marketplace/Voxel/Content/Preview/M_PreviewMaterial.uasset" 486
"../../Plugins/Marketplace/Voxel/Content/Preview/SM_Plane.uasset" 487
"../../Plugins/Marketplace/Voxel/Content/ToolMaterials/ToolMeshMaterial.uasset" 488
"../../Plugins/Marketplace/Voxel/Content/ToolMaterials/ToolMeshMaterial_Level.uasset" 489
"../../Plugins/Marketplace/Voxel/Content/ToolMaterials/ToolMeshMaterial_Mesh.uasset" 490
"../../Plugins/Marketplace/Voxel/Content/ToolMaterials/ToolMeshMaterial_Sphere.uasset" 491
"../../../Engine/Content/Functions/Engine_MaterialFunctions02/SmoothStep.uasset" 492
"../../../Engine/Content/Functions/Engine_MaterialFunctions01/Gradient/LinearGradient.uasset" 493
"../../../Engine/Content/Functions/Engine_MaterialFunctions01/ImageAdjustment/CheapContrast.uasset" 494
"../../Plugins/Marketplace/Voxel/Content/ToolMaterials/ToolRenderingMaterial.uasset" 495
"../../Plugins/Marketplace/Voxel/Content/ToolMaterials/ToolRenderingMaterial_Flatten.uasset" 496
"../../Plugins/Marketplace/Voxel/Content/ToolMaterials/ToolRenderingMaterial_Smooth.uasset" 497
"../../Plugins/Marketplace/Voxel/Content/ToolMaterials/ToolRenderingMaterial_Sphere.uasset" 498
"../../Plugins/Marketplace/Voxel/Content/ToolMaterials/ToolRenderingMaterial_Surface.uasset" 499
"../../Plugins/Marketplace/Voxel/Content/ToolMaterials/ToolRenderingMaterial_Trim.uasset" 500
"../../../Engine/Content/Functions/Engine_MaterialFunctions02/WorldPositionOffset/ObjectScale.uasset" 501
"../../Plugins/Marketplace/Voxel/Content/MaterialHelpers/Voxel_LocalPosition.uasset" 502
"../../Plugins/Marketplace/Voxel/Content/ToolMaterials/ViewportPlaneMaterial.uasset" 503
"../../Plugins/Marketplace/Voxel/Content/VoxelDataItems/VDI_Sphere.uasset" 504
"../../Plugins/Marketplace/Voxel/Content/Macros/VectorOps/SubtractVectorVector.uasset" 505
"../../Plugins/Marketplace/Voxel/Content/VoxelDataItems/VDI_Sphere_Graph.uasset" 506
"../../Plugins/Marketplace/Voxel/Content/VoxelDataItems/VDI_Capsule.uasset" 507
"../../Plugins/Marketplace/Voxel/Content/VoxelDataItems/VoxelDataItemsMacroLibrary.uasset" 508
"../../../Engine/Content/Maps/Entry_BuiltData.uasset" 509
"../../../Engine/Content/Maps/Entry.umap" 510
"../../Plugins/Marketplace/Voxel/Content/Macros/Vector2Ops/SwitchVector2.uasset" 511
"../../Plugins/Marketplace/Voxel/Content/Macros/IsRangeAnalysis.uasset" 512
"../../Plugins/Marketplace/Voxel/Content/Macros/Vector2Ops/Normalize.uasset" 513
"../../Plugins/Marketplace/Voxel/Content/Macros/Vector2Ops/MultiplyVector2Vector2.uasset" 514
"../../Plugins/Marketplace/Voxel/Content/Macros/Vector2Ops/MultiplyVector2Float.uasset" 515
"../../Plugins/Marketplace/Voxel/Content/Macros/IsPreview.uasset" 516
"../../Plugins/Marketplace/Voxel/Content/Macros/SwitchPreview.uasset" 517
"../../Plugins/Marketplace/Voxel/Content/Macros/SetHighQualityValue.uasset" 518
"../../Plugins/Marketplace/Voxel/Content/Examples/VoxelGraphs/Dunes/VG_Example_Dunes.uasset" 519
"../../../../../UE DEVELOPMENT/GravityDrive/GravityDrive/Content/StarSphere/Textures/Twinkler.uasset" 520
"../../../../../UE DEVELOPMENT/GravityDrive/GravityDrive/Content/StarSphere/Textures/T_Sun.uasset" 521
"../../../../../UE DEVELOPMENT/GravityDrive/GravityDrive/Content/StarSphere/Textures/T_StarsPoints.uasset" 522
"../../../../../UE DEVELOPMENT/GravityDrive/GravityDrive/Content/StarSphere/Textures/T_StarsBig.uasset" 523
"../../../../../UE DEVELOPMENT/GravityDrive/GravityDrive/Content/StarSphere/Textures/T_Nebulas.uasset" 524
"../../../Engine/Content/Functions/Engine_MaterialFunctions02/WorldPositionOffset/LocalPosition.uasset" 525
"../../../../../UE DEVELOPMENT/GravityDrive/GravityDrive/Content/ShipBuilder/TexturesAndMaterials/Voxel_AlignedUVs.uasset" 526
"../../Plugins/Marketplace/Voxel/Content/MaterialHelpers/Voxel_LocalNormal.uasset" 527
"../../../../../UE DEVELOPMENT/GravityDrive/GravityDrive/Content/ShipBuilder/TexturesAndMaterials/Voxel_AlignedAlphas.uasset" 528
"../../../Engine/Content/EngineMaterials/DefCube_Face.uasset" 529
"../../../../../UE DEVELOPMENT/GravityDrive/GravityDrive/Content/ShipBuilder/TexturesAndMaterials/Voxel_AlignedTextures.uasset" 530
"../../../Engine/Content/Functions/Engine_MaterialFunctions02/ExampleContent/Textures/SphereRenderNormalsMap.uasset" 531
"../../../Engine/Content/Functions/Engine_MaterialFunctions02/ExampleContent/Textures/water_n.uasset" 532
"../../../Engine/Content/Functions/Engine_MaterialFunctions02/ExampleContent/Textures/newhplaneNormalsMap.uasset" 533
"../../../Engine/Content/Functions/Engine_MaterialFunctions02/Math/Transform3x3Matrix.uasset" 534
"../../../Engine/Content/Functions/Engine_MaterialFunctions02/Math/CreateThirdOrthogonalVector.uasset" 535
"../../../../../UE DEVELOPMENT/GravityDrive/GravityDrive/Content/ShipBuilder/TexturesAndMaterials/Voxel_AlignedNormals.uasset" 536
"../../Plugins/Marketplace/Voxel/Content/Examples/Shared/Textures/Default/T_DefaultNormalmap.uasset" 537
"../../Plugins/Marketplace/Voxel/Content/Examples/Shared/Textures/Default/T_DefaultHeightmap.uasset" 538
"../../Plugins/Marketplace/Voxel/Content/Examples/Shared/Textures/Default/T_DefaultARM.uasset" 539
"../../Plugins/Marketplace/Voxel/Content/Examples/Shared/Textures/Default/T_DefaultAlbedo.uasset" 540
"../../../Engine/Content/Functions/Engine_MaterialFunctions02/Texturing/HeightLerpWithTwoHeightMaps.uasset" 541
"../../../../../UE DEVELOPMENT/GravityDrive/GravityDrive/Content/ShipBuilder/TexturesAndMaterials/MYMF_VoxelQuixelStatic.uasset" 542
"../../Plugins/Marketplace/Voxel/Content/Examples/Shared/Textures/Default/T_DefaultHRA.uasset" 543
"../../Plugins/Marketplace/Voxel/Content/MaterialHelpers/Voxel_TessellationMultiplier.uasset" 544
"../../Plugins/Marketplace/Voxel/Content/MaterialHelpers/Voxel_GetMultiIndexWetness.uasset" 545
"../../Plugins/Marketplace/Voxel/Content/MaterialHelpers/Voxel_GetMultiIndexBlends.uasset" 546
"../../Plugins/Marketplace/Voxel/Content/Examples/Materials/Quixel/MF_VoxelQuixelStaticSwitch.uasset" 547
"../../Plugins/Marketplace/Voxel/Content/Examples/Materials/Quixel/MF_VoxelQuixelHeightBlend.uasset" 548
"../../../Engine/Content/Functions/Engine_MaterialFunctions02/Texturing/HeightLerp.uasset" 549
"../../../../../UE DEVELOPMENT/GravityDrive/GravityDrive/Content/ShipBuilder/TexturesAndMaterials/MYMF_VoxelCollectionStatic.uasset" 550
"../../../../../UE DEVELOPMENT/GravityDrive/GravityDrive/Content/ShipBuilder/TexturesAndMaterials/MPC_ShipZCutoff.uasset" 551
"../../../Engine/Content/Functions/Engine_MaterialFunctions01/Gradient/BoxMask-3D.uasset" 552
"../../../../../UE DEVELOPMENT/GravityDrive/GravityDrive/Content/ShipBuilder/TexturesAndMaterials/MYMS_VoxelMatCollectionStatic.uasset" 553
"../../../../../UE DEVELOPMENT/GravityDrive/GravityDrive/Content/ShipBuilder/TexturesAndMaterials/MYMCT_QuixelStatic.uasset" 554
"../../../../../UE DEVELOPMENT/GravityDrive/GravityDrive/Content/ShipBuilder/TexturesAndMaterials/MYMS_VoxelQuixelStatic.uasset" 555
"../../../../../UE DEVELOPMENT/GravityDrive/GravityDrive/Content/ShipBuilder/TexturesAndMaterials/MiddleAlbedo.uasset" 556
"../../../../../UE DEVELOPMENT/GravityDrive/GravityDrive/Content/ShipBuilder/TexturesAndMaterials/CircuitBoard_1K_normal.uasset" 557
"../../../../../UE DEVELOPMENT/GravityDrive/GravityDrive/Content/ShipBuilder/TexturesAndMaterials/BLANK.uasset" 558
"../../../../../UE DEVELOPMENT/GravityDrive/GravityDrive/Content/ShipBuilder/TexturesAndMaterials/MI_VoxelWallFillerStatic.uasset" 559
"../../../../../UE DEVELOPMENT/GravityDrive/GravityDrive/Content/ShipBuilder/TexturesAndMaterials/TexturesCom_Scifi_Panel8_1K_height.uasset" 560
"../../../../../UE DEVELOPMENT/GravityDrive/GravityDrive/Content/ShipBuilder/TexturesAndMaterials/TexturesCom_Scifi_Panel8_1K_arm.uasset" 561
"../../../../../UE DEVELOPMENT/GravityDrive/GravityDrive/Content/ShipBuilder/TexturesAndMaterials/TexturesCom_Scifi_Panel8_1K_albedo.uasset" 562
"../../../../../UE DEVELOPMENT/GravityDrive/GravityDrive/Content/ShipBuilder/TexturesAndMaterials/TexturesCom_Scifi_Floor4_1K_normal.uasset" 563
"../../../../../UE DEVELOPMENT/GravityDrive/GravityDrive/Content/ShipBuilder/TexturesAndMaterials/TexturesCom_Scifi_Floor4_1K_height.uasset" 564
"../../../../../UE DEVELOPMENT/GravityDrive/GravityDrive/Content/ShipBuilder/TexturesAndMaterials/TexturesCom_Scifi_Floor4_1K_ARM.uasset" 565
"../../../../../UE DEVELOPMENT/GravityDrive/GravityDrive/Content/ShipBuilder/TexturesAndMaterials/TexturesCom_Scifi_Floor4_1K_albedo.uasset" 566
"../../../../../UE DEVELOPMENT/GravityDrive/GravityDrive/Content/ShipBuilder/TexturesAndMaterials/TexturesCom_Scifi_Panel8_1K_normal.uasset" 567
"../../../../../UE DEVELOPMENT/GravityDrive/GravityDrive/Content/ShipBuilder/TexturesAndMaterials/MI_VoxelInteriorStatic.uasset" 568
"../../../../../UE DEVELOPMENT/GravityDrive/GravityDrive/Content/ShipBuilder/TexturesAndMaterials/TexturesCom_Scifi_Panel4_1K_albedoPAlternate.uasset" 569
"../../../../../UE DEVELOPMENT/GravityDrive/GravityDrive/Content/ShipBuilder/TexturesAndMaterials/TexturesCom_Scifi_Panel4_1K_normal.uasset" 570
"../../../../../UE DEVELOPMENT/GravityDrive/GravityDrive/Content/ShipBuilder/TexturesAndMaterials/TexturesCom_Scifi_Panel4_1K_height.uasset" 571
"../../../../../UE DEVELOPMENT/GravityDrive/GravityDrive/Content/ShipBuilder/TexturesAndMaterials/TexturesCom_Scifi_Panel4_1K_arm.uasset" 572
"../../../../../UE DEVELOPMENT/GravityDrive/GravityDrive/Content/ShipBuilder/TexturesAndMaterials/MI_VoxelHullStatic.uasset" 573
"../../../../../UE DEVELOPMENT/GravityDrive/GravityDrive/Content/ShipBuilder/TexturesAndMaterials/FrameNormal.uasset" 574
"../../../../../UE DEVELOPMENT/GravityDrive/GravityDrive/Content/ShipBuilder/TexturesAndMaterials/FrameHeight.uasset" 575
"../../../../../UE DEVELOPMENT/GravityDrive/GravityDrive/Content/ShipBuilder/TexturesAndMaterials/FrameARM.uasset" 576
"../../../../../UE DEVELOPMENT/GravityDrive/GravityDrive/Content/ShipBuilder/TexturesAndMaterials/FrameAlbedo.uasset" 577
"../../../../../UE DEVELOPMENT/GravityDrive/GravityDrive/Content/ShipBuilder/TexturesAndMaterials/MI_VoxelFramingStatic.uasset" 578
"../../../../../UE DEVELOPMENT/GravityDrive/GravityDrive/Content/ShipBuilder/TexturesAndMaterials/AlbedoCaution.uasset" 579
"../../../../../UE DEVELOPMENT/GravityDrive/GravityDrive/Content/ShipBuilder/TexturesAndMaterials/MI_VoxelCautionStatic.uasset" 580
"../../../../../UE DEVELOPMENT/GravityDrive/GravityDrive/Content/ShipBuilder/TexturesAndMaterials/VoxIMC_ShipMaterialsStatic.uasset" 581
"../../Plugins/Marketplace/Voxel/Content/Examples/Shared/Textures/TextureHaven/MedievalBlocks/T_MedievalBlocks_Normal.uasset" 582
"../../Plugins/Marketplace/Voxel/Content/Examples/Shared/Textures/TextureHaven/MedievalBlocks/T_MedievalBlocks_Height.uasset" 583
"../../Plugins/Marketplace/Voxel/Content/Examples/Shared/Textures/TextureHaven/MedievalBlocks/T_MedievalBlocks_ARM.uasset" 584
"../../Plugins/Marketplace/Voxel/Content/Examples/Shared/Textures/TextureHaven/MedievalBlocks/T_MedievalBlocks_Albedo.uasset" 585
"../../Plugins/Marketplace/Voxel/Content/Examples/Shared/Textures/TextureHaven/BrownMudRocks/T_BrownMudRocks_Normal.uasset" 586
"../../Plugins/Marketplace/Voxel/Content/Examples/Shared/Textures/TextureHaven/BrownMudRocks/T_BrownMudRocks_Height.uasset" 587
"../../Plugins/Marketplace/Voxel/Content/Examples/Shared/Textures/TextureHaven/BrownMudRocks/T_BrownMudRocks_Arm.uasset" 588
"../../Plugins/Marketplace/Voxel/Content/Examples/Shared/Textures/TextureHaven/BrownMudRocks/T_BrownMudRocks_Albedo.uasset" 589
"../../Plugins/Marketplace/Voxel/Content/Examples/Shared/Textures/TextureHaven/AerialGrassRock/T_AerialGrassRock_Normal.uasset" 590
"../../Plugins/Marketplace/Voxel/Content/Examples/Shared/Textures/TextureHaven/AerialGrassRock/T_AerialGrassRock_Height.uasset" 591
"../../Plugins/Marketplace/Voxel/Content/Examples/Shared/Textures/TextureHaven/AerialGrassRock/T_AerialGrassRock_ARM.uasset" 592
"../../Plugins/Marketplace/Voxel/Content/Examples/Shared/Textures/TextureHaven/AerialGrassRock/T_AerialGrassRock_Albedo.uasset" 593
"../../Plugins/Marketplace/Voxel/Content/Examples/Shared/Textures/TextureHaven/Snow/T_Snow_Normal.uasset" 594
"../../Plugins/Marketplace/Voxel/Content/Examples/Shared/Textures/TextureHaven/Snow/T_Snow_Height.uasset" 595
"../../Plugins/Marketplace/Voxel/Content/Examples/Shared/Textures/TextureHaven/Snow/T_Snow_ARM.uasset" 596
"../../Plugins/Marketplace/Voxel/Content/Examples/Shared/Textures/TextureHaven/Snow/T_Snow_Albedo.uasset" 597
"../../Plugins/Marketplace/Voxel/Content/Examples/Shared/Textures/TextureHaven/CoralMud/T_CoralMud_Normal.uasset" 598
"../../Plugins/Marketplace/Voxel/Content/Examples/Shared/Textures/TextureHaven/CoralMud/T_CoralMud_Height.uasset" 599
"../../Plugins/Marketplace/Voxel/Content/Examples/Shared/Textures/TextureHaven/CoralMud/T_CoralMud_ARM.uasset" 600
"../../Plugins/Marketplace/Voxel/Content/Examples/Shared/Textures/TextureHaven/CoralMud/T_CoralMud_Albedo.uasset" 601
"../../Plugins/Marketplace/Voxel/Content/MaterialHelpers/Voxel_WorldAlignedUVs.uasset" 602
"../../Plugins/Marketplace/Voxel/Content/MaterialHelpers/Voxel_WorldAlignedAlphas.uasset" 603
"../../Plugins/Marketplace/Voxel/Content/MaterialHelpers/Voxel_WorldAlignedTextures.uasset" 604
"../../Plugins/Marketplace/Voxel/Content/MaterialHelpers/Voxel_WorldAlignedNormals.uasset" 605
"../../Plugins/Marketplace/Voxel/Content/Examples/Materials/Quixel/MF_VoxelQuixel.uasset" 606
"../../Plugins/Marketplace/Voxel/Content/Examples/Materials/Quixel/MF_VoxelQuixelCollection.uasset" 607
"../../Plugins/Marketplace/Voxel/Content/Examples/Materials/Quixel/MS_VoxelQuixelCollection.uasset" 608
"../../Plugins/Marketplace/Voxel/Content/Examples/Materials/Quixel/MI_VoxelQuixel_FiveWayBlend.uasset" 609
"../../Plugins/Marketplace/Voxel/Content/Examples/Materials/Quixel/MI_VoxelQuixel_FiveWayBlend_Inst.uasset" 610
"../../../../../UE DEVELOPMENT/GravityDrive/GravityDrive/Content/StarSphere/Materials/MF_StarSphereDecal.uasset" 611
"../../../../../UE DEVELOPMENT/GravityDrive/GravityDrive/Content/StarSphere/Materials/M_StarSphereDynamic.uasset" 612
"../../../../../UE DEVELOPMENT/GravityDrive/GravityDrive/Content/StarSphere/Materials/MI_StarSphereDynamic.uasset" 613
"../../../../../UE DEVELOPMENT/GravityDrive/GravityDrive/Content/ShipBuilder/PostProcess/Mat_XrayVision.uasset" 614
"../../../../../UE DEVELOPMENT/GravityDrive/GravityDrive/Content/ShipBuilder/PostProcess/Mat_XrayVision_Inst.uasset" 615
"../../../../../UE DEVELOPMENT/GravityDrive/GravityDrive/Content/StarSphere/Mesh/Sky1.uasset" 616
"../../../../../UE DEVELOPMENT/GravityDrive/GravityDrive/Content/StarSphere/Blueprints/BP_StarSphereDynamic.uasset" 617
"../../../../../UE DEVELOPMENT/GravityDrive/GravityDrive/Content/SolarBodies/Materials/Fire.uasset" 618
"../../../Engine/Content/Functions/Engine_MaterialFunctions03/ComplexMotion/Motion_4WayChaos.uasset" 619
"../../../../../UE DEVELOPMENT/GravityDrive/GravityDrive/Content/SolarBodies/Materials/Mat_Star.uasset" 620
"../../../../../UE DEVELOPMENT/GravityDrive/GravityDrive/Content/SolarBodies/FBXMesh/HalfSolarRadii.uasset" 621
"../../../../../UE DEVELOPMENT/GravityDrive/GravityDrive/Content/SolarBodies/Materials/Mat_StarInst_OStar.uasset" 622
"../../../../../UE DEVELOPMENT/GravityDrive/GravityDrive/Content/SolarBodies/Materials/Mat_StarInst_MStar.uasset" 623
"../../../../../UE DEVELOPMENT/GravityDrive/GravityDrive/Content/SolarBodies/Materials/Mat_StarInst_KStar.uasset" 624
"../../../../../UE DEVELOPMENT/GravityDrive/GravityDrive/Content/SolarBodies/Materials/Mat_StarInst_GStar.uasset" 625
"../../../../../UE DEVELOPMENT/GravityDrive/GravityDrive/Content/SolarBodies/Materials/Mat_StarInst_FStar.uasset" 626
"../../../../../UE DEVELOPMENT/GravityDrive/GravityDrive/Content/SolarBodies/Materials/Mat_StarInst_BStar.uasset" 627
"../../../../../UE DEVELOPMENT/GravityDrive/GravityDrive/Content/SolarBodies/Materials/Mat_StarInst_AStar.uasset" 628
"../../../../../UE DEVELOPMENT/GravityDrive/GravityDrive/Content/SolarBodies/Materials/PlanetTest1.uasset" 629
"../../../../../UE DEVELOPMENT/GravityDrive/GravityDrive/Content/SolarBodies/Materials/MPC_Sun.uasset" 630
"../../../../../UE DEVELOPMENT/GravityDrive/GravityDrive/Content/SolarBodies/Materials/Mat_TPlanet.uasset" 631
"../../../../../UE DEVELOPMENT/GravityDrive/GravityDrive/Content/SolarBodies/FBXMesh/TerrestrialEarthDiameter.uasset" 632
"../../../../../UE DEVELOPMENT/GravityDrive/GravityDrive/Content/SolarBodies/FBXMesh/GasJupiterDiameter.uasset" 633
"../../../../../UE DEVELOPMENT/GravityDrive/GravityDrive/Content/SolarBodies/FBXMesh/EarthMoonDiameter.uasset" 634
"../../../../../UE DEVELOPMENT/GravityDrive/GravityDrive/Content/SolarBodies/Materials/Mat_TPlanet_Inst.uasset" 635
"../../../../../UE DEVELOPMENT/GravityDrive/GravityDrive/Content/SolarBodies/Blueprints/BP_SolarBody.uasset" 636
"../../../../../UE DEVELOPMENT/GravityDrive/GravityDrive/Content/SolarBodies/Blueprints/BP_GalaxyMoverGen.uasset" 637
"../../../../../UE DEVELOPMENT/GravityDrive/GravityDrive/Content/ShipFlight/BP_ShipFlight.uasset" 638
"../../../../../UE DEVELOPMENT/GravityDrive/GravityDrive/Content/ShipBuilder/MeshData/VoxelDataAsset/TriWallWedge.uasset" 639
"../../../../../UE DEVELOPMENT/GravityDrive/GravityDrive/Content/ShipBuilder/MeshData/VoxelDataAsset/TriWallCubeInner.uasset" 640
"../../../../../UE DEVELOPMENT/GravityDrive/GravityDrive/Content/ShipBuilder/MeshData/VoxelDataAsset/TriWallCube.uasset" 641
"../../../../../UE DEVELOPMENT/GravityDrive/GravityDrive/Content/ShipBuilder/MeshData/VoxelDataAsset/TriWallCorner.uasset" 642
"../../../../../UE DEVELOPMENT/GravityDrive/GravityDrive/Content/ShipBuilder/MeshData/VoxelDataAsset/TriWallAngled.uasset" 643
"../../../../../UE DEVELOPMENT/GravityDrive/GravityDrive/Content/ShipBuilder/MeshData/VoxelDataAsset/ColorInvertedTriWallWedge.uasset" 644
"../../../../../UE DEVELOPMENT/GravityDrive/GravityDrive/Content/ShipBuilder/MeshData/VoxelDataAsset/ColorInvertedTriWallCorner.uasset" 645
"../../../../../UE DEVELOPMENT/GravityDrive/GravityDrive/Content/ShipBuilder/Materials/MatUITools.uasset" 646
"../../../../../UE DEVELOPMENT/GravityDrive/GravityDrive/Content/ShipBuilder/Materials/MatUITools_Inst_XAxis.uasset" 647
"../../../../../UE DEVELOPMENT/GravityDrive/GravityDrive/Content/ShipBuilder/TexturesAndMaterials/TexturesCom_Scifi_Panel4_1K_albedo.uasset" 648
"../../../Engine/Content/Functions/Engine_MaterialFunctions01/Texturing/WorldAlignedTexture.uasset" 649
"../../../Engine/Content/Functions/Engine_MaterialFunctions02/WorldAlignedNormals_HighQuality.uasset" 650
"../../../Engine/Content/EngineMaterials/DefaultNormal_Uncompressed.uasset" 651
"../../../Engine/Content/Functions/Engine_MaterialFunctions01/Texturing/WorldAlignedNormal.uasset" 652
"../../../../../UE DEVELOPMENT/GravityDrive/GravityDrive/Content/ShipBuilder/TexturesAndMaterials/Mat_SegmentDrag.uasset" 653
"../../../../../UE DEVELOPMENT/GravityDrive/GravityDrive/Content/ShipBuilder/TexturesAndMaterials/Mat_Hull.uasset" 654
"../../../../../UE DEVELOPMENT/GravityDrive/GravityDrive/Content/ShipBuilder/MeshData/FBXForVoxel/TriWallWedge.uasset" 655
"../../../../../UE DEVELOPMENT/GravityDrive/GravityDrive/Content/ShipBuilder/MeshData/FBXForVoxel/TriWallCubeAngle.uasset" 656
"../../../../../UE DEVELOPMENT/GravityDrive/GravityDrive/Content/ShipBuilder/MeshData/FBXForVoxel/TriWallCube.uasset" 657
"../../../../../UE DEVELOPMENT/GravityDrive/GravityDrive/Content/ShipBuilder/MeshData/FBXForVoxel/TriWallCorner.uasset" 658
"../../../../../UE DEVELOPMENT/GravityDrive/GravityDrive/Content/ShipBuilder/MeshData/FBXForVoxel/TriWallAngled.uasset" 659
"../../../../../UE DEVELOPMENT/GravityDrive/GravityDrive/Content/ShipBuilder/Actors/BP_ShipSegmentTemplate.uasset" 660
"../../../../../UE DEVELOPMENT/GravityDrive/GravityDrive/Content/ShipBuilder/Actors/BP_ShipSegmentPlaced.uasset" 661
"../../../../../UE DEVELOPMENT/GravityDrive/GravityDrive/Content/ShipBuilder/Materials/MatUITools_Inst_YAxis.uasset" 662
"../../../../../UE DEVELOPMENT/GravityDrive/GravityDrive/Content/ShipBuilder/Materials/MatUITools_Inst_Cursor.uasset" 663
"../../../../../UE DEVELOPMENT/GravityDrive/GravityDrive/Content/ShipBuilder/Materials/Grid4x4Res.uasset" 664
"../../../../../UE DEVELOPMENT/GravityDrive/GravityDrive/Content/ShipBuilder/Materials/MATGRID.uasset" 665
"../../../Engine/Content/BasicShapes/Plane.uasset" 666
"../../../../../UE DEVELOPMENT/GravityDrive/GravityDrive/Content/ShipBuilder/BP_ShipBuildTools.uasset" 667
"../../../../../UE DEVELOPMENT/GravityDrive/GravityDrive/Content/ShipBuilder/BP_ShipManager.uasset" 668
"../../../../../UE DEVELOPMENT/GravityDrive/GravityDrive/Content/ShipBuilder/Materials/MatUITools_Anchor.uasset" 669
"../../../../../UE DEVELOPMENT/GravityDrive/GravityDrive/Content/ShipBuilder/BP_HISMManager.uasset" 670
"../../../../../UE DEVELOPMENT/GravityDrive/GravityDrive/Content/ShipBuilder/UI_DragDimensions.uasset" 671
"../../../../../UE DEVELOPMENT/GravityDrive/GravityDrive/Content/ShipBuilder/UI/SphereBuild.uasset" 672
"../../../../../UE DEVELOPMENT/GravityDrive/GravityDrive/Content/ShipBuilder/UI/CylinderBuild.uasset" 673
"../../../../../UE DEVELOPMENT/GravityDrive/GravityDrive/Content/ShipBuilder/UI/CubeBuild.uasset" 674
"../../../../../UE DEVELOPMENT/GravityDrive/GravityDrive/Content/ShipBuilder/BP_ShipBuildWidget.uasset" 675
"../../../../../UE DEVELOPMENT/GravityDrive/GravityDrive/Content/BP_PlayerController.uasset" 676
"../../Plugins/Marketplace/DirGravity/Content/Character/M_Template_Master.uasset" 677
"../../../Engine/Content/EngineMeshes/Humanoid.uasset" 678
"../../Plugins/Marketplace/DirGravity/Content/Character/Epic_Skeleton_Template_Skeleton.uasset" 679
"../../Plugins/Marketplace/DirGravity/Content/Character/Epic_Skeleton_Template.uasset" 680
"../../Plugins/Marketplace/DirGravity/Content/Character/Animations/WalkFwdLoop.uasset" 681
"../../Plugins/Marketplace/DirGravity/Content/Character/Animations/WalkBwdLoop.uasset" 682
"../../Plugins/Marketplace/DirGravity/Content/Character/Animations/StrafeRightLoop.uasset" 683
"../../Plugins/Marketplace/DirGravity/Content/Character/Animations/StrafeRight45Loop.uasset" 684
"../../Plugins/Marketplace/DirGravity/Content/Character/Animations/StrafeRight135Loop.uasset" 685
"../../Plugins/Marketplace/DirGravity/Content/Character/Animations/StrafeLeftLoop.uasset" 686
"../../Plugins/Marketplace/DirGravity/Content/Character/Animations/StrafeLeft45Loop.uasset" 687
"../../Plugins/Marketplace/DirGravity/Content/Character/Animations/StrafeLeft135Loop.uasset" 688
"../../Plugins/Marketplace/DirGravity/Content/Character/Animations/RunStrafeRight45Loop.uasset" 689
"../../Plugins/Marketplace/DirGravity/Content/Character/Animations/RunStrafeRight135Loop.uasset" 690
"../../Plugins/Marketplace/DirGravity/Content/Character/Animations/RunStrafeLeft45Loop.uasset" 691
"../../Plugins/Marketplace/DirGravity/Content/Character/Animations/RunStrafeLeft135Loop.uasset" 692
"../../Plugins/Marketplace/DirGravity/Content/Character/Animations/RunRtLoop.uasset" 693
"../../Plugins/Marketplace/DirGravity/Content/Character/Animations/RunLtLoop.uasset" 694
"../../Plugins/Marketplace/DirGravity/Content/Character/Animations/RunFwdLoop.uasset" 695
"../../Plugins/Marketplace/DirGravity/Content/Character/Animations/RunBwdLoop.uasset" 696
"../../Plugins/Marketplace/DirGravity/Content/Character/aIdle.uasset" 697
"../../Plugins/Marketplace/DirGravity/Content/Character/ClassicStrafeWalking.uasset" 698
"../../Plugins/Marketplace/DirGravity/Content/Character/aJump_Start.uasset" 699
"../../Plugins/Marketplace/DirGravity/Content/Character/aJump_End.uasset" 700
"../../Plugins/Marketplace/DirGravity/Content/Character/aJumpLoop.uasset" 701
"../../Plugins/Marketplace/DirGravity/Content/Character/EpicAnimBlueprint.uasset" 702
"../../../../../UE DEVELOPMENT/GravityDrive/GravityDrive/Content/BP_BaseCharacter.uasset" 703
"../../../../../UE DEVELOPMENT/GravityDrive/GravityDrive/Content/GameComponents/GameMode_GravityDrive.uasset" 704
"../../../Engine/Content/MapTemplates/Sky/DaylightAmbientCubemap.uasset" 705
"../../../Engine/Content/BasicShapes/Cube.uasset" 706
"../../../Engine/Content/BasicShapes/BasicShapeMaterial.uasset" 707
"../../../../../UE DEVELOPMENT/GravityDrive/GravityDrive/Content/Levels/LevelTest.umap" 708
